{
  message: 'Log Error',
  level: 'error',
  label: 'winston custom format'
}
{
  level: 'error',
  message: 'oops something fail oops something fail',
  stack: 'Error: oops something fail\n' +
    '    at Object.<anonymous> (C:\\Node\\Project\\Vidly\\app.js:105:7)\n' +
    '    at Module._compile (node:internal/modules/cjs/loader:1254:14)\n' +
    '    at Module._extensions..js (node:internal/modules/cjs/loader:1308:10)\n' +
    '    at Module.load (node:internal/modules/cjs/loader:1117:32)\n' +
    '    at Module._load (node:internal/modules/cjs/loader:958:12)\n' +
    '    at Module.require (node:internal/modules/cjs/loader:1141:19)\n' +
    '    at require (node:internal/modules/cjs/helpers:110:18)\n' +
    '    at Object.<anonymous> (C:\\Node\\Project\\Vidly\\bin\\www:7:11)\n' +
    '    at Module._compile (node:internal/modules/cjs/loader:1254:14)\n' +
    '    at Module._extensions..js (node:internal/modules/cjs/loader:1308:10)',
  label: 'winston custom format'
}
{
  level: 'error',
  message: 'oops something fail oops something fail',
  stack: 'Error: oops something fail\n' +
    '    at Object.<anonymous> (C:\\Node\\Project\\Vidly\\app.js:105:7)\n' +
    '    at Module._compile (node:internal/modules/cjs/loader:1254:14)\n' +
    '    at Module._extensions..js (node:internal/modules/cjs/loader:1308:10)\n' +
    '    at Module.load (node:internal/modules/cjs/loader:1117:32)\n' +
    '    at Module._load (node:internal/modules/cjs/loader:958:12)\n' +
    '    at Module.require (node:internal/modules/cjs/loader:1141:19)\n' +
    '    at require (node:internal/modules/cjs/helpers:110:18)\n' +
    '    at Object.<anonymous> (C:\\Node\\Project\\Vidly\\bin\\www:7:11)\n' +
    '    at Module._compile (node:internal/modules/cjs/loader:1254:14)\n' +
    '    at Module._extensions..js (node:internal/modules/cjs/loader:1308:10)',
  label: 'winston custom format'
}
{
  level: 'error',
  message: 'oops something fail oops something fail',
  stack: 'Error: oops something fail\n' +
    '    at Object.<anonymous> (C:\\Node\\Project\\Vidly\\app.js:105:7)\n' +
    '    at Module._compile (node:internal/modules/cjs/loader:1254:14)\n' +
    '    at Module._extensions..js (node:internal/modules/cjs/loader:1308:10)\n' +
    '    at Module.load (node:internal/modules/cjs/loader:1117:32)\n' +
    '    at Module._load (node:internal/modules/cjs/loader:958:12)\n' +
    '    at Module.require (node:internal/modules/cjs/loader:1141:19)\n' +
    '    at require (node:internal/modules/cjs/helpers:110:18)\n' +
    '    at Object.<anonymous> (C:\\Node\\Project\\Vidly\\bin\\www:7:11)\n' +
    '    at Module._compile (node:internal/modules/cjs/loader:1254:14)\n' +
    '    at Module._extensions..js (node:internal/modules/cjs/loader:1308:10)',
  label: 'winston custom format'
}
{
  level: 'error',
  message: 'oops something fail oops something fail',
  stack: 'Error: oops something fail\n' +
    '    at Object.<anonymous> (C:\\Node\\Project\\Vidly\\app.js:105:7)\n' +
    '    at Module._compile (node:internal/modules/cjs/loader:1254:14)\n' +
    '    at Module._extensions..js (node:internal/modules/cjs/loader:1308:10)\n' +
    '    at Module.load (node:internal/modules/cjs/loader:1117:32)\n' +
    '    at Module._load (node:internal/modules/cjs/loader:958:12)\n' +
    '    at Module.require (node:internal/modules/cjs/loader:1141:19)\n' +
    '    at require (node:internal/modules/cjs/helpers:110:18)\n' +
    '    at Object.<anonymous> (C:\\Node\\Project\\Vidly\\bin\\www:7:11)\n' +
    '    at Module._compile (node:internal/modules/cjs/loader:1254:14)\n' +
    '    at Module._extensions..js (node:internal/modules/cjs/loader:1308:10)',
  label: 'winston custom format'
}
{
  level: 'error',
  message: 'oops something fail oops something fail',
  stack: 'Error: oops something fail\n' +
    '    at Object.<anonymous> (C:\\Node\\Project\\Vidly\\app.js:105:7)\n' +
    '    at Module._compile (node:internal/modules/cjs/loader:1254:14)\n' +
    '    at Module._extensions..js (node:internal/modules/cjs/loader:1308:10)\n' +
    '    at Module.load (node:internal/modules/cjs/loader:1117:32)\n' +
    '    at Module._load (node:internal/modules/cjs/loader:958:12)\n' +
    '    at Module.require (node:internal/modules/cjs/loader:1141:19)\n' +
    '    at require (node:internal/modules/cjs/helpers:110:18)\n' +
    '    at Object.<anonymous> (C:\\Node\\Project\\Vidly\\bin\\www:7:11)\n' +
    '    at Module._compile (node:internal/modules/cjs/loader:1254:14)\n' +
    '    at Module._extensions..js (node:internal/modules/cjs/loader:1308:10)',
  label: 'winston custom format'
}

Message:oops something fail Stack:Error: oops something fail
Message:oops something fail Stack:Error: oops something fail
Message:bind EADDRINUSE null:3001 Stack:Error: bind EADDRINUSE null:3001
Message:bind EADDRINUSE null:3001 Stack:Error: bind EADDRINUSE null:3001
Message:bind EADDRINUSE null:3001 Stack:Error: bind EADDRINUSE null:3001
Message:bind EADDRINUSE null:3001 Stack:Error: bind EADDRINUSE null:3001
Message:bind EADDRINUSE null:3001 Stack:Error: bind EADDRINUSE null:3001
Message:bind EADDRINUSE null:3001 Stack:Error: bind EADDRINUSE null:3001
